Loading /usr/sbin/apache2, Image id = 1
Loading /lib64/ld-linux-x86-64.so.2, Image id = 2
Loading [vdso], Image id = 3
Loading /lib/x86_64-linux-gnu/libpcre.so.3, ImUnloading /bin/dash
Unloading /lib64/ld-linux-x86-64.so.2
Unloading [vdso]
Unloading /lib/x86_64-linux-gnu/libc.so.6
-1.so.0, Image id = 6
Loading /lib/x86_64-linux-gnu/libpthread.so.0, Image id = 7
Loading /lib/x86_64-linux-gnu/libc.so.6, Image id = 8
Loading /lib/x86_64-linux-gnu/libuuid.so.1, Image id = 9
Loading /lib/x86_64-linux-gnu/librt.so.1, Image id = 10
Loading /lib/x86_64-linux-gnu/libcrypt.so.1, Image id = 11
Loading /lib/x86_64-linux-gnu/libdl.so.2, Image id = 12
Loading /lib/x86_64-linux-gnu/libexpat.so.1, Image id = 13
Loading /usr/lib/apache2/modules/mod_access_compat.so, Image id = 14
Loading /usr/lib/apache2/modules/mod_alias.so, Image id = 15
Loading /usr/lib/apache2/modules/mod_auth_basic.so, Image id = 16
Loading /usr/lib/apache2/modules/mod_authn_core.so, Image id = 17
Loading /usr/lib/apache2/modules/mod_authn_file.so, Image id = 18
Loading /usr/lib/apache2/modules/mod_authz_core.so, Image id = 19
Loading /usr/lib/apache2/modules/mod_authz_host.so, Image id = 20
Loading /usr/lib/apache2/modules/mod_authz_user.so, Image id = 21
Loading /usr/lib/apache2/modules/mod_autoindex.so, Image id = 22
Loading /usr/lib/apache2/modules/mod_deflate.so, Image id = 23
Loading /lib/x86_64-linux-gnu/libz.so.1, Image id = 24
Loading /usr/lib/apache2/modules/mod_dir.so, Image id = 25
Loading /usr/lib/apache2/modules/mod_env.so, Image id = 26
Loading /usr/lib/apache2/modules/mod_filter.so, Image id = 27
Loading /usr/lib/apache2/modules/mod_mime.so, Image id = 28
Loading /usr/lib/apache2/modules/mod_mpm_prefork.so, Image id = 29
Loading /usr/lib/apache2/modules/mod_negotiation.so, Image id = 30
Loading /usr/lib/apache2/modules/libphp5.so, Image id = 31
Loading /lib/x86_64-linux-gnu/libresolv.so.2, Image id = 32
Loading /usr/lib/x86_64-linux-gnu/libonig.so.2, Image id = 33
Loading /usr/lib/x86_64-linux-gnu/libstdc++.so.6, Image id = 34
Loading /usr/lib/x86_64-linux-gnu/libcrypto.so.1.0.0, Image id = 35
Loading /usr/lib/x86_64-linux-gnu/libssl.so.1.0.0, Image id = 36
Loading /usr/lib/x86_64-linux-gnu/libdb-5.3.so, Image id = 37
Loading /usr/lib/libqdbm.so.14, Image id = 38
Loading /lib/x86_64-linux-gnu/libbz2.so.1.0, Image id = 39
Loading /lib/x86_64-linux-gnu/libm.so.6, Image id = 40
Loading /lib/x86_64-linux-gnu/libnsl.so.1, Image id = 41
Loading /usr/lib/x86_64-linux-gnu/libxml2.so.2, Image id = 42
Loading /usr/lib/x86_64-linux-gnu/libgssapi_krb5.so.2, Image id = 43
Loading /usr/lib/x86_64-linux-gnu/libkrb5.so.3, Image id = 44
Loading /usr/lib/x86_64-linux-gnu/libk5crypto.so.3, Image id = 45
Loading /lib/x86_64-linux-gnu/libcom_err.so.2, Image id = 46
Loading /lib/x86_64-linux-gnu/libgcc_s.so.1, Image id = 47
Loading /lib/x86_64-linux-gnu/liblzma.so.5, Image id = 48
Loading /usr/lib/x86_64-linux-gnu/libkrb5support.so.0, Image id = 49
Loading /lib/x86_64-linux-gnu/libkeyutils.so.1, Image id = 50
Loading /usr/lib/apache2/modules/mod_reqtimeout.so, Image id = 51
Loading /usr/lib/apache2/modules/mod_setenvif.so, Image id = 52
Loading /usr/lib/apache2/modules/mod_socache_shmcb.so, Image id = 53
Loading /usr/lib/apache2/modules/mod_ssl.so, Image id = 54
Loading /usr/lib/apache2/modules/mod_status.so, Image id = 55
Loading /lib/x86_64-linux-gnu/libnss_compat.so.2, Image id = 56
Loading /lib/x86_64-linux-gnu/libnss_nis.so.2, Image id = 57
Loading /lib/x86_64-linux-gnu/libnss_files.so.2, Image id = 58
Unloading /usr/lib/apache2/modules/mod_status.so
Unloading /usr/lib/apache2/modules/mod_ssl.so
Unloading /usr/lib/apache2/modules/mod_socache_shmcb.so
Unloading /usr/lib/apache2/modules/mod_setenvif.so
Unloading /usr/lib/apache2/modules/mod_reqtimeout.so
Unloading /usr/lib/apache2/modules/libphp5.so
Unloading /usr/lib/x86_64-linux-gnu/libonig.so.2
Unloading /usr/lib/x86_64-linux-gnu/libssl.so.1.0.0
Unloading /usr/lib/x86_64-linux-gnu/libcrypto.so.1.0.0
Unloading /usr/lib/x86_64-linux-gnu/libdb-5.3.so
Unloading /usr/lib/libqdbm.so.14
Unloading /lib/x86_64-linux-gnu/libbz2.so.1.0
Unloading /usr/lib/x86_64-linux-gnu/libxml2.so.2
Unloading /usr/lib/x86_64-linux-gnu/libgssapi_krb5.so.2
Unloading /usr/lib/x86_64-linux-gnu/libkrb5.so.3
Unloading /usr/lib/x86_64-linux-gnu/libk5crypto.so.3
Unloading /lib/x86_64-linux-gnu/libcom_err.so.2
Unloading /lib/x86_64-linux-gnu/liblzma.so.5
Unloading /usr/lib/x86_64-linux-gnu/libkrb5support.so.0
Unloading /lib/x86_64-linux-gnu/libresolv.so.2
Unloading /lib/x86_64-linux-gnu/libkeyutils.so.1
Unloading /usr/lib/apache2/modules/mod_negotiation.so
Unloading /usr/lib/apache2/modules/mod_mpm_prefork.so
Unloading /usr/lib/apache2/modules/mod_mime.so
Unloading /usr/lib/apache2/modules/mod_filter.so
Unloading /usr/lib/apache2/modules/mod_env.so
Unloading /usr/lib/apache2/modules/mod_dir.so
Unloading /usr/lib/apache2/modules/mod_deflate.so
Unloading /lib/x86_64-linux-gnu/libz.so.1
Unloading /usr/lib/apache2/modules/mod_autoindex.so
Unloading /usr/lib/apache2/modules/mod_authz_user.so
Unloading /usr/lib/apache2/modules/mod_authz_host.so
Unloading /usr/lib/apache2/modules/mod_authz_core.so
Unloading /usr/lib/apache2/modules/mod_authn_file.so
Unloading /usr/lib/apache2/modules/mod_authn_core.so
Unloading /usr/lib/apache2/modules/mod_auth_basic.so
Unloading /usr/lib/apache2/modules/mod_alias.so
Unloading /usr/lib/apache2/modules/mod_access_compat.so
Loading /usr/lib/apache2/modules/mod_access_compat.so, Image id = 59
Loading /usr/lib/apache2/modules/mod_alias.so, Image id = 60
Loading /usr/lib/apache2/modules/mod_auth_basic.so, Image id = 61
Loading /usr/lib/apache2/modules/mod_authn_core.so, Image id = 62
Loading /usr/lib/apache2/modules/mod_authn_file.so, Image id = 63
Loading /usr/lib/apache2/modules/mod_authz_core.so, Image id = 64
Loading /usr/lib/apache2/modules/mod_authz_host.so, Image id = 65
Loading /usr/lib/apache2/modules/mod_authz_user.so, Image id = 66
Loading /usr/lib/apache2/modules/mod_autoindex.so, Image id = 67
Loading /usr/lib/apache2/modules/mod_deflate.so, Image id = 68
Loading /lib/x86_64-linux-gnu/libz.so.1, Image id = 69
Loading /usr/lib/apache2/modules/mod_dir.so, Image id = 70
Loading /usr/lib/apache2/modules/mod_env.so, Image id = 71
Loading /usr/lib/apache2/modules/mod_filter.so, Image id = 72
Loading /usr/lib/apache2/modules/mod_mime.so, Image id = 73
Loading /usr/lib/apache2/modules/mod_mpm_prefork.so, Image id = 74
Loading /usr/lib/apache2/modules/mod_negotiation.so, Image id = 75
Loading /usr/lib/apache2/modules/libphp5.so, Image id = 76
Loading /lib/x86_64-linux-gnu/libresolv.so.2, Image id = 77
Loading /usr/lib/x86_64-linux-gnu/libonig.so.2, Image id = 78
Loading /usr/lib/x86_64-linux-gnu/libcrypto.so.1.0.0, Image id = 79
Loading /usr/lib/x86_64-linux-gnu/libssl.so.1.0.0, Image id = 80
Loading /usr/lib/x86_64-linux-gnu/libdb-5.3.so, Image id = 81
Loading /usr/lib/libqdbm.so.14, Image id = 82
Loading /lib/x86_64-linux-gnu/libbz2.so.1.0, Image id = 83
Loading /usr/lib/x86_64-linux-gnu/libxml2.so.2, Image id = 84
Loading /usr/lib/x86_64-linux-gnu/libgssapi_krb5.so.2, Image id = 85
Loading /usr/lib/x86_64-linux-gnu/libkrb5.so.3, Image id = 86
Loading /usr/lib/x86_64-linux-gnu/libk5crypto.so.3, Image id = 87
Loading /lib/x86_64-linux-gnu/libcom_err.so.2, Image id = 88
Loading /lib/x86_64-linux-gnu/liblzma.so.5, Image id = 89
Loading /usr/lib/x86_64-linux-gnu/libkrb5support.so.0, Image id = 90
Loading /lib/x86_64-linux-gnu/libkeyutils.so.1, Image id = 91
Loading /usr/lib/apache2/modules/mod_reqtimeout.so, Image id = 92
Loading /usr/lib/apache2/modules/mod_setenvif.so, Image id = 93
Loading /usr/lib/apache2/modules/mod_socache_shmcb.so, Image id = 94
Loading /usr/lib/apache2/modules/mod_ssl.so, Image id = 95
Loading /usr/lib/apache2/modules/mod_status.so, Image id = 96
Loading /usr/lib/php5/20131226/opcache.so, Image id = 97
Loading /usr/lib/php5/20131226/pdo.so, Image id = 98
Loading /usr/lib/php5/20131226/json.so, Image id = 99
Loading /lib/x86_64-linux-gnu/libjson-c.so.2, Image id = 100
Loading /usr/lib/php5/20131226/readline.so, Image id = 101
Loading /usr/lib/x86_64-linux-gnu/libedit.so.2, Image id = 102
Loading /lib/x86_64-linux-gnu/libtinfo.so.5, Image id = 103
Loading /lib/x86_64-linux-gnu/libbsd.so.0, Image id = 104
Unloading /usr/lib/php5/20131226/readline.so
Unloading /usr/lib/x86_64-linux-gnu/libedit.so.2
Unloading /lib/x86_64-linux-gnu/libtinfo.so.5
Unloading /lib/x86_64-linux-gnu/libbsd.so.0
Unloading /usr/lib/php5/20131226/readline.so
Unloading /usr/lib/php5/20131226/readline.so
Unloading /usr/lib/php5/20131226/readline.so
Unloading /usr/lib/php5/20131226/readline.so
Unloading /usr/lib/x86_64-linux-gnu/libedit.so.2
Unloading /usr/lib/x86_64-linux-gnu/libedit.so.2
Unloading /usr/lib/x86_64-linux-gnu/libedit.so.2
Unloading /lib/x86_64-linux-gnu/libtinfo.so.5
Unloading /lib/x86_64-linux-gnu/libtinfo.so.5
Unloading /lib/x86_64-linux-gnu/libtinfo.so.5
Unloading /usr/lib/php5/20131226/readline.so
Unloading /usr/lib/x86_64-linux-gnu/libedit.so.2
Unloading /lib/x86_64-linux-gnu/libbsd.so.0
Unloading /lib/x86_64-linux-gnu/libbsd.so.0
Unloading /lib/x86_64-linux-gnu/libbsd.so.0
Unloading /lib/x86_64-linux-gnu/libtinfo.so.5
Unloading /lib/x86_64-linux-gnu/libbsd.so.0
Unloading /usr/lib/x86_64-linux-gnu/libedit.so.2
Unloading /lib/x86_64-linux-gnu/libtinfo.so.5
Unloading /lib/x86_64-linux-gnu/libbsd.so.0
Unloading /usr/lib/php5/20131226/json.so
Unloading /lib/x86_64-linux-gnu/libjson-c.so.2
Unloading /usr/lib/php5/20131226/pdo.so
Unloading /usr/lib/php5/20131226/json.so
Unloading /lib/x86_64-linux-gnu/libjson-c.so.2
Unloading /usr/lib/php5/20131226/json.so
Unloading /lib/x86_64-linux-gnu/libjson-c.so.2
Unloading /usr/lib/php5/20131226/json.so
Unloading /lib/x86_64-linux-gnu/libjson-c.so.2
Unloading /usr/lib/php5/20131226/json.so
Unloading /lib/x86_64-linux-gnu/libjson-c.so.2
Unloading /usr/lib/php5/20131226/json.so
Unloading /lib/x86_64-linux-gnu/libjson-c.so.2
Unloading /usr/lib/php5/20131226/pdo.so
Unloading /usr/lib/php5/20131226/pdo.so
Unloading /usr/lib/php5/20131226/pdo.so
Unloading /usr/lib/php5/20131226/pdo.so
Unloading /usr/lib/php5/20131226/pdo.so
Unloading /usr/lib/php5/20131226/opcache.so
Unloading /usr/lib/php5/20131226/opcache.so
Unloading /usr/lib/php5/20131226/opcache.so
Unloading /usr/lib/php5/20131226/opcache.so
Unloading /usr/lib/php5/20131226/opcache.so
Unloading /usr/lib/php5/20131226/opcache.so
Unloading /usr/sbin/apache2
Unloading /lib64/ld-linux-x86-64.so.2
Unloading [vdso]
Unloading /lib/x86_64-linux-gnu/libpcre.so.3
Unloading /usr/lib/x86_64-linux-gnu/libaprutil-1.so.0
Unloading /usr/lib/x86_64-linux-gnu/libapr-1.so.0
Unloading /lib/x86_64-linux-gnu/libpthread.so.0
Unloading /lib/x86_64-linux-gnu/libc.so.6
Unloading /lib/x86_64-linux-gnu/libuuid.so.1
Unloading /lib/x86_64-linux-gnu/librt.so.1
Unloading /lib/x86_64-linux-gnu/libcrypt.so.1
Unloading /lib/x86_64-linux-gnu/libdl.so.2
Unloading /lib/x86_64-linux-gnu/libexpat.so.1
Unloading /usr/lib/x86_64-linux-gnu/libstdc++.so.6
Unloading /lib/x86_64-linux-gnu/libm.so.6
Unloading /lib/x86_64-linux-gnu/libnsl.so.1
Unloading /lib/x86_64-linux-gnu/libgcc_s.so.1
Unloading /lib/x86_64-linux-gnu/libnss_compat.so.2
Unloading /lib/x86_64-linux-gnu/libnss_nis.so.2
Unloading /lib/x86_64-linux-gnu/libnss_files.so.2
Unloading /usr/lib/apache2/modules/mod_access_compat.so
Unloading /usr/lib/apache2/modules/mod_alias.so
Unloading /usr/lib/apache2/modules/mod_auth_basic.so
Unloading /usr/lib/apache2/modules/mod_authn_core.so
Unloading /usr/lib/apache2/modules/mod_authn_file.so
Unloading /usr/lib/apache2/modules/mod_authz_core.so
Unloading /usr/lib/apache2/modules/mod_authz_host.so
Unloading /usr/lib/apache2/modules/mod_authz_user.so
Unloading /usr/lib/apache2/modules/mod_autoindex.so
Unloading /usr/lib/apache2/modules/mod_deflate.so
Unloading /lib/x86_64-linux-gnu/libz.so.1
Unloading /usr/lib/apache2/modules/mod_dir.so
Unloading /usr/lib/apache2/modules/mod_env.so
Unloading /usr/lib/apache2/modules/mod_filter.so
Unloading /usr/lib/apache2/modules/mod_mime.so
Unloading /usr/lib/apache2/modules/mod_mpm_prefork.so
Unloading /usr/lib/apache2/modules/mod_negotiation.so
Unloading /usr/lib/apache2/modules/libphp5.so
Unloading /lib/x86_64-linux-gnu/libresolv.so.2
Unloading /usr/lib/x86_64-linux-gnu/libonig.so.2
Unloading /usr/lib/x86_64-linux-gnu/libcrypto.so.1.0.0
Unloading /usr/lib/x86_64-linux-gnu/libssl.so.1.0.0
Unloading /usr/lib/x86_64-linux-gnu/libdb-5.3.so
Unloading /usr/lib/libqdbm.so.14
Unloading /lib/x86_64-linux-gnu/libbz2.so.1.0
Unloading /usr/lib/x86_64-linux-gnu/libxml2.so.2
Unloading /usr/lib/x86_64-linux-gnu/libgssapi_krb5.so.2
Unloading /usr/lib/x86_64-linux-gnu/libkrb5.so.3
Unloading /usr/lib/x86_64-linux-gnu/libk5crypto.so.3
Unloading /lib/x86_64-linux-gnu/libcom_err.so.2
Unloading /lib/x86_64-linux-gnu/liblzma.so.5
Unloading /usr/lib/x86_64-linux-gnu/libkrb5support.so.0
Unloading /lib/x86_64-linux-gnu/libkeyutils.so.1
Unloading /usr/lib/apache2/modules/mod_reqtimeout.so
Unloading /usr/lib/apache2/modules/mod_setenvif.so
Unloading /usr/lib/apache2/modules/mod_socache_shmcb.so
Unloading /usr/lib/apache2/modules/mod_ssl.so
Unloading /usr/lib/apache2/modules/mod_status.so
Unloading /usr/sbin/apache2
Unloading /lib64/ld-linux-x86-64.so.2
Unloading [vdso]
Unloading /lib/x86_64-linux-gnu/libpcre.so.3
Unloading /usr/lib/x86_64-linux-gnu/libaprutil-1.so.0
Unloading /usr/lib/x86_64-linux-gnu/libapr-1.so.0
Unloading /lib/x86_64-linux-gnu/libpthread.so.0
Unloading /lib/x86_64-linux-gnu/libc.so.6
Unloading /lib/x86_64-linux-gnu/libuuid.so.1
Unloading /lib/x86_64-linux-gnu/librt.so.1
Unloading /lib/x86_64-linux-gnu/libcrypt.so.1
Unloading /lib/x86_64-linux-gnu/libdl.so.2
Unloading /lib/x86_64-linux-gnu/libexpat.so.1
Unloading /usr/lib/x86_64-linux-gnu/libstdc++.so.6
Unloading /lib/x86_64-linux-gnu/libm.so.6
Unloading /lib/x86_64-linux-gnu/libnsl.so.1
Unloading /lib/x86_64-linux-gnu/libgcc_s.so.1
Unloading /lib/x86_64-linux-gnu/libnss_compat.so.2
Unloading /lib/x86_64-linux-gnu/libnss_nis.so.2
Unloading /lib/x86_64-linux-gnu/libnss_files.so.2
Unloading /usr/lib/apache2/modules/mod_access_compat.so
Unloading /usr/lib/apache2/modules/mod_alias.so
Unloading /usr/lib/apache2/modules/mod_auth_basic.so
Unloading /usr/lib/apache2/modules/mod_authn_core.so
Unloading /usr/lib/apache2/modules/mod_authn_file.so
Unloading /usr/lib/apache2/modules/mod_authz_core.so
Unloading /usr/lib/apache2/modules/mod_authz_host.so
Unloading /usr/lib/apache2/modules/mod_authz_user.so
Unloading /usr/lib/apache2/modules/mod_autoindex.so
Unloading /usr/lib/apache2/modules/mod_deflate.so
Unloading /lib/x86_64-linux-gnu/libz.so.1
Unloading /usr/lib/apache2/modules/mod_dir.so
Unloading /usr/lib/apache2/modules/mod_env.so
Unloading /usr/lib/apache2/modules/mod_filter.so
Unloading /usr/lib/apache2/modules/mod_mime.so
Unloading /usr/lib/apache2/modules/mod_mpm_prefork.so
Unloading /usr/lib/apache2/modules/mod_negotiation.so
Unloading /usr/lib/apache2/modules/libphp5.so
Unloading /usr/sbin/apache2
Unloading /lib64/ld-linux-x86-64.so.2
Unloading [vdso]
Unloading /lib/x86_64-linux-gnu/libpcre.so.3
Unloading /usr/lib/x86_64-linux-gnu/libaprutil-1.so.0
Unloading /usr/lib/x86_64-linux-gnu/libapr-1.so.0
Unloading /lib/x86_64-linux-gnu/libresolv.so.2
Unloading /usr/lib/x86_64-linux-gnu/libonig.so.2
Unloading /lib/x86_64-linux-gnu/libpthread.so.0
Unloading /usr/lib/x86_64-linux-gnu/libcrypto.so.1.0.0
Unloading /lib/x86_64-linux-gnu/libc.so.6
Unloading /lib/x86_64-linux-gnu/libuuid.so.1
Unloading /lib/x86_64-linux-gnu/librt.so.1
Unloading /lib/x86_64-linux-gnu/libcrypt.so.1
Unloading /lib/x86_64-linux-gnu/libdl.so.2
Unloading /lib/x86_64-linux-gnu/libexpat.so.1
Unloading /usr/lib/x86_64-linux-gnu/libstdc++.so.6
Unloading /usr/lib/x86_64-linux-gnu/libssl.so.1.0.0
Unloading /usr/lib/x86_64-linux-gnu/libdb-5.3.so
Unloading /usr/sbin/apache2
Unloading /usr/lib/libqdbm.so.14
Unloading /lib/x86_64-linux-gnu/libbz2.so.1.0
Unloading /usr/lib/x86_64-linux-gnu/libxml2.so.2
Unloading /lib/x86_64-linux-gnu/libm.so.6
Unloading /lib64/ld-linux-x86-64.so.2
Unloading [vdso]
Unloading /lib/x86_64-linux-gnu/libpcre.so.3
Unloading /usr/lib/x86_64-linux-gnu/libaprutil-1.so.0
Unloading /lib/x86_64-linux-gnu/libnsl.so.1
Unloading /lib/x86_64-linux-gnu/libgcc_s.so.1
Unloading /usr/lib/x86_64-linux-gnu/libapr-1.so.0
Unloading /lib/x86_64-linux-gnu/libnss_compat.so.2
Unloading /lib/x86_64-linux-gnu/libnss_nis.so.2
Unloading /usr/lib/x86_64-linux-gnu/libgssapi_krb5.so.2
Unloading /lib/x86_64-linux-gnu/libnss_files.so.2
Unloading /usr/lib/apache2/modules/mod_access_compat.so
Unloading /usr/lib/apache2/modules/mod_alias.so
Unloading /usr/lib/x86_64-linux-gnu/libkrb5.so.3
Unloading /usr/lib/apache2/modules/mod_auth_basic.so
Unloading /usr/lib/apache2/modules/mod_authn_core.so
Unloading /usr/lib/apache2/modules/mod_authn_file.so
Unloading /usr/lib/apache2/modules/mod_authz_core.so
Unloading /lib/x86_64-linux-gnu/libpthread.so.0
Unloading /usr/lib/apache2/modules/mod_authz_host.so
Unloading /usr/lib/apache2/modules/mod_authz_user.so
Unloading /usr/lib/apache2/modules/mod_autoindex.so
Unloading /usr/lib/apache2/modules/mod_deflate.so
Unloading /lib/x86_64-linux-gnu/libz.so.1
Unloading /usr/lib/apache2/modules/mod_dir.so
Unloading /lib/x86_64-linux-gnu/libc.so.6
Unloading /usr/lib/apache2/modules/mod_env.so
Unloading /usr/lib/apache2/modules/mod_filter.so
Unloading /usr/lib/apache2/modules/mod_mime.so
Unloading /usr/sbin/apache2
Unloading /usr/sbin/apache2
Unloading /usr/lib/x86_64-linux-gnu/libk5crypto.so.3
Unloading /usr/lib/apache2/modules/mod_mpm_prefork.so
Unloading /usr/lib/apache2/modules/mod_negotiation.so
Unloading /lib/x86_64-linux-gnu/libcom_err.so.2
Unloading /lib/x86_64-linux-gnu/liblzma.so.5
Unloading /usr/lib/apache2/modules/libphp5.so
Unloading /usr/lib/x86_64-linux-gnu/libkrb5support.so.0
Unloading /lib/x86_64-linux-gnu/libkeyutils.so.1
Unloading /usr/lib/apache2/modules/mod_reqtimeout.so
Unloading /usr/lib/apache2/modules/mod_setenvif.so
Unloading /usr/lib/apache2/modules/mod_socache_shmcb.so
Unloading /usr/lib/apache2/modules/mod_ssl.so
Unloading /usr/lib/apache2/modules/mod_status.so
Unloading /lib64/ld-linux-x86-64.so.2
Unloading /lib64/ld-linux-x86-64.so.2
Unloading [vdso]
Unloading [vdso]
Unloading /lib/x86_64-linux-gnu/libpcre.so.3
Unloading /lib/x86_64-linux-gnu/libpcre.so.3
Unloading /lib/x86_64-linux-gnu/libuuid.so.1
Unloading /usr/lib/x86_64-linux-gnu/libaprutil-1.so.0
Unloading /usr/lib/x86_64-linux-gnu/libaprutil-1.so.0
Unloading /lib/x86_64-linux-gnu/librt.so.1
Unloading /lib/x86_64-linux-gnu/libcrypt.so.1
Unloading /lib/x86_64-linux-gnu/libdl.so.2
Unloading /lib/x86_64-linux-gnu/libexpat.so.1
Unloading /usr/lib/x86_64-linux-gnu/libstdc++.so.6
Unloading /usr/lib/x86_64-linux-gnu/libapr-1.so.0
Unloading /usr/lib/x86_64-linux-gnu/libapr-1.so.0
Unloading /lib/x86_64-linux-gnu/libpthread.so.0
Unloading /lib/x86_64-linux-gnu/libpthread.so.0
Unloading /lib/x86_64-linux-gnu/libc.so.6
Unloading /lib/x86_64-linux-gnu/libc.so.6
Unloading /lib/x86_64-linux-gnu/libuuid.so.1
Unloading /lib/x86_64-linux-gnu/libuuid.so.1
Unloading /lib/x86_64-linux-gnu/librt.so.1
Unloading /lib/x86_64-linux-gnu/librt.so.1
Unloading /lib/x86_64-linux-gnu/libcrypt.so.1
Unloading /lib/x86_64-linux-gnu/libcrypt.so.1
Unloading /lib/x86_64-linux-gnu/libdl.so.2
Unloading /lib/x86_64-linux-gnu/libdl.so.2
Unloading /lib/x86_64-linux-gnu/libexpat.so.1
Unloading /lib/x86_64-linux-gnu/libexpat.so.1
Unloading /usr/lib/x86_64-linux-gnu/libstdc++.so.6
Unloading /usr/lib/x86_64-linux-gnu/libstdc++.so.6
Unloading /lib/x86_64-linux-gnu/libm.so.6
Unloading /lib/x86_64-linux-gnu/libnsl.so.1
Unloading /lib/x86_64-linux-gnu/libgcc_s.so.1
Unloading /lib/x86_64-linux-gnu/libnss_compat.so.2
Unloading /lib/x86_64-linux-gnu/libnss_nis.so.2
Unloading /lib/x86_64-linux-gnu/libnss_files.so.2
Unloading /usr/lib/apache2/modules/mod_access_compat.so
Unloading /usr/lib/apache2/modules/mod_alias.so
Unloading /usr/lib/apache2/modules/mod_auth_basic.so
Unloading /usr/lib/apache2/modules/mod_authn_core.so
Unloading /usr/lib/apache2/modules/mod_authn_file.so
Unloading /usr/lib/apache2/modules/mod_authz_core.so
Unloading /usr/lib/apache2/modules/mod_authz_host.so
Unloading /usr/lib/apache2/modules/mod_authz_user.so
Unloading /usr/lib/apache2/modules/mod_autoindex.so
Unloading /usr/lib/apache2/modules/mod_deflate.so
Unloading /lib/x86_64-linux-gnu/libz.so.1
Unloading /usr/lib/apache2/modules/mod_dir.so
Unloading /lib/x86_64-linux-gnu/libresolv.so.2
Unloading /usr/lib/apache2/modules/mod_env.so
Unloading /usr/lib/x86_64-linux-gnu/libonig.so.2
Unloading /usr/lib/apache2/modules/mod_filter.so
Unloading /usr/lib/apache2/modules/mod_mime.so
Unloading /usr/lib/apache2/modules/mod_mpm_prefork.so
Unloading /usr/lib/x86_64-linux-gnu/libcrypto.so.1.0.0
Unloading /usr/lib/apache2/modules/mod_negotiation.so
Unloading /usr/lib/apache2/modules/libphp5.so
Unloading /lib/x86_64-linux-gnu/libm.so.6
Unloading /lib/x86_64-linux-gnu/libm.so.6
Unloading /lib/x86_64-linux-gnu/libnsl.so.1
Unloading /lib/x86_64-linux-gnu/libnsl.so.1
Unloading /lib/x86_64-linux-gnu/libgcc_s.so.1
Unloading /lib/x86_64-linux-gnu/libgcc_s.so.1
Unloading /lib/x86_64-linux-gnu/libnss_compat.so.2
Unloading /lib/x86_64-linux-gnu/libnss_compat.so.2
Unloading /lib/x86_64-linux-gnu/libnss_nis.so.2
Unloading /lib/x86_64-linux-gnu/libnss_nis.so.2
Unloading /lib/x86_64-linux-gnu/libnss_files.so.2
Unloading /lib/x86_64-linux-gnu/libnss_files.so.2
Unloading /usr/lib/apache2/modules/mod_access_compat.so
Unloading /usr/lib/apache2/modules/mod_access_compat.so
Unloading /usr/lib/apache2/modules/mod_alias.so
Unloading /usr/lib/apache2/modules/mod_alias.so
Unloading /usr/lib/apache2/modules/mod_auth_basic.so
Unloading /usr/lib/apache2/modules/mod_auth_basic.so
Unloading /usr/lib/apache2/modules/mod_authn_core.so
Unloading /usr/lib/apache2/modules/mod_authn_core.so
Unloading /usr/lib/apache2/modules/mod_authn_file.so
Unloading /usr/lib/apache2/modules/mod_authn_file.so
Unloading /usr/lib/apache2/modules/mod_authz_core.so
Unloading /usr/lib/apache2/modules/mod_authz_core.so
Unloading /usr/lib/apache2/modules/mod_authz_host.so
Unloading /usr/lib/apache2/modules/mod_authz_host.so
Unloading /usr/lib/apache2/modules/mod_authz_user.so
Unloading /usr/lib/apache2/modules/mod_authz_user.so
Unloading /usr/lib/apache2/modules/mod_autoindex.so
Unloading /usr/lib/apache2/modules/mod_autoindex.so
Unloading /usr/lib/apache2/modules/mod_deflate.so
Unloading /usr/lib/apache2/modules/mod_deflate.so
Unloading /lib/x86_64-linux-gnu/libz.so.1
Unloading /lib/x86_64-linux-gnu/libz.so.1
Unloading /usr/lib/apache2/modules/mod_dir.so
Unloading /usr/lib/apache2/modules/mod_dir.so
Unloading /usr/lib/apache2/modules/mod_env.so
Unloading /usr/lib/apache2/modules/mod_env.so
Unloading /usr/lib/apache2/modules/mod_filter.so
Unloading /usr/lib/apache2/modules/mod_filter.so
Unloading /usr/lib/apache2/modules/mod_mime.so
Unloading /usr/lib/apache2/modules/mod_mime.so
Unloading /usr/lib/apache2/modules/mod_mpm_prefork.so
Unloading /usr/lib/apache2/modules/mod_mpm_prefork.so
Unloading /usr/lib/apache2/modules/mod_negotiation.so
Unloading /usr/lib/apache2/modules/mod_negotiation.so
Unloading /usr/lib/apache2/modules/libphp5.so
Unloading /usr/lib/apache2/modules/libphp5.so
Unloading /usr/lib/x86_64-linux-gnu/libssl.so.1.0.0
Unloading /usr/lib/x86_64-linux-gnu/libdb-5.3.so
Unloading /lib/x86_64-linux-gnu/libresolv.so.2
Unloading /usr/lib/x86_64-linux-gnu/libonig.so.2
Unloading /usr/lib/x86_64-linux-gnu/libcrypto.so.1.0.0
Unloading /usr/lib/libqdbm.so.14
Unloading /lib/x86_64-linux-gnu/libbz2.so.1.0
Unloading /usr/lib/x86_64-linux-gnu/libxml2.so.2
Unloading /lib/x86_64-linux-gnu/libresolv.so.2
Unloading /lib/x86_64-linux-gnu/libresolv.so.2
Unloading /usr/lib/x86_64-linux-gnu/libonig.so.2
Unloading /usr/lib/x86_64-linux-gnu/libonig.so.2
Unloading /usr/lib/x86_64-linux-gnu/libgssapi_krb5.so.2
Unloading /usr/lib/x86_64-linux-gnu/libcrypto.so.1.0.0
Unloading /usr/lib/x86_64-linux-gnu/libcrypto.so.1.0.0
Unloading /usr/lib/x86_64-linux-gnu/libkrb5.so.3
Unloading /usr/lib/x86_64-linux-gnu/libssl.so.1.0.0
Unloading /usr/lib/x86_64-linux-gnu/libk5crypto.so.3
Unloading /lib/x86_64-linux-gnu/libcom_err.so.2
Unloading /lib/x86_64-linux-gnu/liblzma.so.5
Unloading /usr/lib/x86_64-linux-gnu/libkrb5support.so.0
Unloading /lib/x86_64-linux-gnu/libkeyutils.so.1
Unloading /usr/lib/x86_64-linux-gnu/libdb-5.3.so
Unloading /usr/lib/apache2/modules/mod_reqtimeout.so
Unloading /usr/lib/apache2/modules/mod_setenvif.so
Unloading /usr/lib/apache2/modules/mod_socache_shmcb.so
Unloading /usr/lib/apache2/modules/mod_ssl.so
Unloading /usr/lib/apache2/modules/mod_status.so
Unloading /usr/lib/x86_64-linux-gnu/libssl.so.1.0.0
Unloading /usr/lib/x86_64-linux-gnu/libssl.so.1.0.0
Unloading /usr/lib/libqdbm.so.14
Unloading /usr/lib/x86_64-linux-gnu/libdb-5.3.so
Unloading /usr/lib/x86_64-linux-gnu/libdb-5.3.so
Unloading /lib/x86_64-linux-gnu/libbz2.so.1.0
Unloading /usr/lib/x86_64-linux-gnu/libxml2.so.2
Unloading /usr/lib/libqdbm.so.14
Unloading /usr/lib/libqdbm.so.14
Unloading /usr/lib/x86_64-linux-gnu/libgssapi_krb5.so.2
Unloading /lib/x86_64-linux-gnu/libbz2.so.1.0
Unloading /lib/x86_64-linux-gnu/libbz2.so.1.0
Unloading /usr/lib/x86_64-linux-gnu/libkrb5.so.3
Unloading /usr/lib/x86_64-linux-gnu/libxml2.so.2
Unloading /usr/lib/x86_64-linux-gnu/libxml2.so.2
Unloading /usr/lib/x86_64-linux-gnu/libk5crypto.so.3
Unloading /usr/lib/x86_64-linux-gnu/libgssapi_krb5.so.2
Unloading /usr/lib/x86_64-linux-gnu/libgssapi_krb5.so.2
Unloading /lib/x86_64-linux-gnu/libcom_err.so.2
Unloading /lib/x86_64-linux-gnu/liblzma.so.5
Unloading /usr/lib/x86_64-linux-gnu/libkrb5support.so.0
Unloading /usr/lib/x86_64-linux-gnu/libkrb5.so.3
Unloading /usr/lib/x86_64-linux-gnu/libkrb5.so.3
Unloading /lib/x86_64-linux-gnu/libkeyutils.so.1
Unloading /usr/lib/apache2/modules/mod_reqtimeout.so
Unloading /usr/lib/apache2/modules/mod_setenvif.so
Unloading /usr/lib/apache2/modules/mod_socache_shmcb.so
Unloading /usr/lib/apache2/modules/mod_ssl.so
Unloading /usr/lib/apache2/modules/mod_status.so
Unloading /usr/lib/x86_64-linux-gnu/libk5crypto.so.3
Unloading /usr/lib/x86_64-linux-gnu/libk5crypto.so.3
Unloading /lib/x86_64-linux-gnu/libcom_err.so.2
Unloading /lib/x86_64-linux-gnu/libcom_err.so.2
Unloading /lib/x86_64-linux-gnu/liblzma.so.5
Unloading /lib/x86_64-linux-gnu/liblzma.so.5
Unloading /usr/lib/x86_64-linux-gnu/libkrb5support.so.0
Unloading /usr/lib/x86_64-linux-gnu/libkrb5support.so.0
Unloading /lib/x86_64-linux-gnu/libkeyutils.so.1
Unloading /lib/x86_64-linux-gnu/libkeyutils.so.1
Unloading /usr/lib/apache2/modules/mod_reqtimeout.so
Unloading /usr/lib/apache2/modules/mod_reqtimeout.so
Unloading /usr/lib/apache2/modules/mod_setenvif.so
Unloading /usr/lib/apache2/modules/mod_setenvif.so
Unloading /usr/lib/apache2/modules/mod_socache_shmcb.so
Unloading /usr/lib/apache2/modules/mod_socache_shmcb.so
Unloading /usr/lib/apache2/modules/mod_ssl.so
Unloading /usr/lib/apache2/modules/mod_ssl.so
Unloading /usr/lib/apache2/modules/mod_status.so
Unloading /usr/lib/apache2/modules/mod_status.so
