malloc(0x5)
malloc(0x5)
  returns 0x55f6031b52a0
free(0x55f6031b52a0)
malloc(0x78)
  returns 0x55f6031b52c0
malloc(0xc)
  returns 0x55f6031b52a0
malloc(0x310)
  returns 0x55f6031b5340
malloc(0x70)
  returns 0x55f6031b5660
malloc(0x538)
  returns 0x55f6031b56e0
malloc(0xd8)
  returns 0x55f6031b5c20
malloc(0x1b0)
  returns 0x55f6031b5d00
malloc(0x68)
  returns 0x55f6031b5ec0
malloc(0x58)
  returns 0x55f6031b5f30
malloc(0x78)
  returns 0x55f6031b5f90
malloc(0xa8)
  returns 0x55f6031b6010
malloc(0x68)
  returns 0x55f6031b60c0
malloc(0x50)
  returns 0x55f6031b6130
malloc(0xc0)
  returns 0x55f6031b6190
malloc(0xc)
  returns 0x55f6031b6260
malloc(0xc)
  returns 0x55f6031b6280
malloc(0xc)
  returns 0x55f6031b62a0
malloc(0xc)
  returns 0x55f6031b62c0
malloc(0xc)
  returns 0x55f6031b62e0
malloc(0xc)
  returns 0x55f6031b6300
malloc(0x5)
  returns 0x55f6031b6320
free(0x55f6031b6320)
malloc(0x78)
  returns 0x55f6031b6340
malloc(0xc)
  returns 0x55f6031b6320
malloc(0x308)
  returns 0x55f6031b63c0
malloc(0x70)
  returns 0x55f6031b66d0
malloc(0x538)
  returns 0x55f6031b6750
malloc(0xd8)
  returns 0x55f6031b6c90
malloc(0x1b0)
  returns 0x55f6031b6d70
malloc(0x68)
  returns 0x55f6031b6f30
malloc(0x58)
  returns 0x55f6031b6fa0
malloc(0x78)
  returns 0x55f6031b7000
malloc(0xa8)
  returns 0x55f6031b7080
malloc(0x68)
  returns 0x55f6031b7130
malloc(0x50)
  returns 0x55f6031b71a0
malloc(0xc0)
  returns 0x55f6031b7200
malloc(0xc)
  returns 0x55f6031b72d0
malloc(0xc)
  returns 0x55f6031b72f0
malloc(0xc)
  returns 0x55f6031b7310
malloc(0xc)
  returns 0x55f6031b7330
malloc(0xc)
  returns 0x55f6031b7350
malloc(0xc)
  returns 0x55f6031b7370
malloc(0x119)
  returns 0x55f6031b7390
free(0)
free(0)
malloc(0x22)
  returns 0x55f6031b74c0
malloc(0xa)
  returns 0x55f6031b74f0
malloc(0x50)
  returns 0x55f6031b7510
malloc(0x21000)
  returns 0x7f00e9573010
free(0x7f00e9573010)
